<?xml version="1.0" encoding="UTF-8"?>
<testng-results ignored="0" total="3" passed="3" failed="0" skipped="0">
  <reporter-output>
  </reporter-output>
  <suite started-at="2023-08-15T14:27:21 IST" name="Default suite" finished-at="2023-08-15T14:27:22 IST" duration-ms="236">
    <groups>
    </groups>
    <test started-at="2023-08-15T14:27:21 IST" name="Default test" finished-at="2023-08-15T14:27:22 IST" duration-ms="236">
      <class name="testng.Priority">
        <test-method signature="Demo1()[pri:0, instance:testng.Priority@7334aada]" started-at="2023-08-15T14:27:22 IST" name="Demo1" finished-at="2023-08-15T14:27:22 IST" duration-ms="37" status="PASS">
          <reporter-output>
          </reporter-output>
        </test-method> <!-- Demo1 -->
        <test-method signature="Demo2()[pri:0, instance:testng.Priority@7334aada]" started-at="2023-08-15T14:27:22 IST" name="Demo2" finished-at="2023-08-15T14:27:22 IST" duration-ms="5" status="PASS">
          <reporter-output>
          </reporter-output>
        </test-method> <!-- Demo2 -->
        <test-method signature="Demo3()[pri:0, instance:testng.Priority@7334aada]" started-at="2023-08-15T14:27:22 IST" name="Demo3" finished-at="2023-08-15T14:27:22 IST" duration-ms="10" status="PASS">
          <reporter-output>
          </reporter-output>
        </test-method> <!-- Demo3 -->
      </class> <!-- testng.Priority -->
    </test> <!-- Default test -->
  </suite> <!-- Default suite -->
</testng-results>
